#
# There is insufficient memory for the Java Runtime Environment to continue.
# Native memory allocation (mmap) failed to map 266338304 bytes for Failed to commit area from 0x0000000702000000 to 0x0000000711e00000 of length 266338304.
# Possible reasons:
#   The system is out of physical RAM or swap space
#   The process is running with CompressedOops enabled, and the Java Heap may be blocking the growth of the native heap
# Possible solutions:
#   Reduce memory load on the system
#   Increase physical memory or swap space
#   Check if swap backing store is full
#   Decrease Java heap size (-Xmx/-Xms)
#   Decrease number of Java threads
#   Decrease Java thread stack sizes (-Xss)
#   Set larger code cache with -XX:ReservedCodeCacheSize=
# This output file may be truncated or incomplete.
#
#  Out of Memory Error (./src/hotspot/os/windows/os_windows.cpp:3301), pid=34896, tid=36492
#
# JRE version:  (11.0.10+8) (build )
# Java VM: OpenJDK 64-Bit Server VM (11.0.10+8-b1145.96, mixed mode, sharing, tiered, compressed oops, g1 gc, windows-amd64)
# No core dump will be written. Minidumps are not enabled by default on client versions of Windows
#

---------------  S U M M A R Y ------------

Command Line: org.jetbrains.git4idea.http.GitAskPassApp Username for 'https://github.com': 

Host: Intel(R) Core(TM) i7-6700HQ CPU @ 2.60GHz, 8 cores, 15G,  Windows 10 , 64 bit Build 19041 (10.0.19041.928)
Time: Thu May 13 04:21:54 2021 Argentina Standard Time elapsed time: 0.429603 seconds (0d 0h 0m 0s)

---------------  T H R E A D  ---------------

Current thread (0x000002642d8ba800):  JavaThread "Unknown thread" [_thread_in_vm, id=36492, stack(0x00000095a2500000,0x00000095a2600000)]

Stack: [0x00000095a2500000,0x00000095a2600000]
Native frames: (J=compiled Java code, j=interpreted, Vv=VM code, C=native code)
V  [jvm.dll+0x5ece6a]
V  [jvm.dll+0x722cd5]
V  [jvm.dll+0x72422d]
V  [jvm.dll+0x7248e3]
V  [jvm.dll+0x2428d8]
V  [jvm.dll+0x5ea244]
V  [jvm.dll+0x5df2e5]
V  [jvm.dll+0x2fdddb]
V  [jvm.dll+0x2fdd4a]
V  [jvm.dll+0x2fdc22]
V  [jvm.dll+0x302b06]
V  [jvm.dll+0x34b033]
V  [jvm.dll+0x34b736]
V  [jvm.dll+0x34b133]
V  [jvm.dll+0x2d87d8]
V  [jvm.dll+0x2d9987]
V  [jvm.dll+0x701817]
V  [jvm.dll+0x70300c]
V  [jvm.dll+0x3585a9]
V  [jvm.dll+0x6e516e]
V  [jvm.dll+0x3c09e3]
V  [jvm.dll+0x3c2c71]
C  [jli.dll+0x5373]
C  [ucrtbase.dll+0x21bb2]
C  [KERNEL32.DLL+0x17034]
C  [ntdll.dll+0x52651]


---------------  P R O C E S S  ---------------

Threads class SMR info:
_java_thread_list=0x000002642bf615d0, length=0, elements={
}

Java Threads: ( => current thread )

Other Threads:
  0x000002642d8d1800 GCTaskThread "GC Thread#0" [stack: 0x00000095a2600000,0x00000095a2700000] [id=33280]
  0x000002642d92e800 ConcurrentGCThread "G1 Main Marker" [stack: 0x00000095a2700000,0x00000095a2800000] [id=22756]
  0x000002642d92f800 ConcurrentGCThread "G1 Conc#0" [stack: 0x00000095a2800000,0x00000095a2900000] [id=29852]

[error occurred during error reporting (printing all threads), id 0xc0000005, EXCEPTION_ACCESS_VIOLATION (0xc0000005) at pc=0x00007fff33b38db7]

VM state:not at safepoint (not fully initialized)

VM Mutex/Monitor currently owned by a thread:  ([mutex/lock_event])
[0x000002642d8b8120] Heap_lock - owner thread: 0x000002642d8ba800

Heap address: 0x0000000702000000, size: 4064 MB, Compressed Oops mode: Non-zero based: 0x0000000702000000
Narrow klass base: 0x0000000000000000, Narrow klass shift: 0

GC Heap History (0 events):
No events

Deoptimization events (0 events):
No events

Classes redefined (0 events):
No events

Internal exceptions (0 events):
No events

Events (1 events):
Event: 0.012 Loaded shared library C:\Program Files\JetBrains\PyCharm Community Edition 2020.1.1\jbr\bin\zip.dll


Dynamic libraries:
0x00007ff631f40000 - 0x00007ff631f4a000 	C:\Program Files\JetBrains\PyCharm Community Edition 2020.1.1\jbr\bin\java.exe
0x00007fffa8e70000 - 0x00007fffa9065000 	C:\WINDOWS\SYSTEM32\ntdll.dll
0x00007fffa6ed0000 - 0x00007fffa6f8d000 	C:\WINDOWS\System32\KERNEL32.DLL
0x00007fffa6a90000 - 0x00007fffa6d58000 	C:\WINDOWS\System32\KERNELBASE.dll
0x00007fffa68c0000 - 0x00007fffa69c0000 	C:\WINDOWS\System32\ucrtbase.dll
0x00007fff7be90000 - 0x00007fff7bea7000 	C:\Program Files\JetBrains\PyCharm Community Edition 2020.1.1\jbr\bin\VCRUNTIME140.dll
0x00007fff7a330000 - 0x00007fff7a349000 	C:\Program Files\JetBrains\PyCharm Community Edition 2020.1.1\jbr\bin\jli.dll
0x00007fffa8bb0000 - 0x00007fffa8d50000 	C:\WINDOWS\System32\USER32.dll
0x00007fffa6ea0000 - 0x00007fffa6ec2000 	C:\WINDOWS\System32\win32u.dll
0x00007fff94830000 - 0x00007fff94aca000 	C:\WINDOWS\WinSxS\amd64_microsoft.windows.common-controls_6595b64144ccf1df_6.0.19041.844_none_ca00b6081b84eb1d\COMCTL32.dll
0x00007fffa8580000 - 0x00007fffa85aa000 	C:\WINDOWS\System32\GDI32.dll
0x00007fffa6d90000 - 0x00007fffa6e9b000 	C:\WINDOWS\System32\gdi32full.dll
0x00007fffa7ab0000 - 0x00007fffa7b4e000 	C:\WINDOWS\System32\msvcrt.dll
0x00007fffa65b0000 - 0x00007fffa664d000 	C:\WINDOWS\System32\msvcp_win.dll
0x00007fffa7620000 - 0x00007fffa7650000 	C:\WINDOWS\System32\IMM32.DLL
0x00007fff70030000 - 0x00007fff700cd000 	C:\Program Files\JetBrains\PyCharm Community Edition 2020.1.1\jbr\bin\msvcp140.dll
0x00007fff33850000 - 0x00007fff34320000 	C:\Program Files\JetBrains\PyCharm Community Edition 2020.1.1\jbr\bin\server\jvm.dll
0x00007fffa8b00000 - 0x00007fffa8bac000 	C:\WINDOWS\System32\ADVAPI32.dll
0x00007fffa7930000 - 0x00007fffa79cb000 	C:\WINDOWS\System32\sechost.dll
0x00007fffa83e0000 - 0x00007fffa850b000 	C:\WINDOWS\System32\RPCRT4.dll
0x00007fffa71a0000 - 0x00007fffa71a8000 	C:\WINDOWS\System32\PSAPI.DLL
0x00007fffa4d60000 - 0x00007fffa4d69000 	C:\WINDOWS\SYSTEM32\WSOCK32.dll
0x00007fff9f0d0000 - 0x00007fff9f0da000 	C:\WINDOWS\SYSTEM32\VERSION.dll
0x00007fffa8510000 - 0x00007fffa857b000 	C:\WINDOWS\System32\WS2_32.dll
0x00007fff969b0000 - 0x00007fff969d7000 	C:\WINDOWS\SYSTEM32\WINMM.dll
0x00007fffa4ed0000 - 0x00007fffa4ee2000 	C:\WINDOWS\SYSTEM32\kernel.appcore.dll
0x00007fff91080000 - 0x00007fff91091000 	C:\Program Files\JetBrains\PyCharm Community Edition 2020.1.1\jbr\bin\verify.dll
0x00007fffa4b40000 - 0x00007fffa4d24000 	C:\WINDOWS\SYSTEM32\DBGHELP.DLL
0x00007fff8fab0000 - 0x00007fff8fadc000 	C:\WINDOWS\SYSTEM32\dbgcore.DLL
0x00007fffa69c0000 - 0x00007fffa6a40000 	C:\WINDOWS\System32\bcryptPrimitives.dll
0x00007fff8a960000 - 0x00007fff8a989000 	C:\Program Files\JetBrains\PyCharm Community Edition 2020.1.1\jbr\bin\java.dll
0x00007fffa00a0000 - 0x00007fffa00ab000 	C:\Program Files\JetBrains\PyCharm Community Edition 2020.1.1\jbr\bin\jimage.dll
0x00007fff90dd0000 - 0x00007fff90de8000 	C:\Program Files\JetBrains\PyCharm Community Edition 2020.1.1\jbr\bin\zip.dll

dbghelp: loaded successfully - version: 4.0.5 - missing functions: none
symbol engine: initialized successfully - sym options: 0x614 - pdb path: .;C:\Program Files\JetBrains\PyCharm Community Edition 2020.1.1\jbr\bin;C:\WINDOWS\SYSTEM32;C:\WINDOWS\WinSxS\amd64_microsoft.windows.common-controls_6595b64144ccf1df_6.0.19041.844_none_ca00b6081b84eb1d;C:\Program Files\JetBrains\PyCharm Community Edition 2020.1.1\jbr\bin\server

VM Arguments:
java_command: org.jetbrains.git4idea.http.GitAskPassApp Username for 'https://github.com': 
java_class_path (initial): C:/Program Files/JetBrains/PyCharm Community Edition 2020.1.1/plugins/git4idea/lib/git4idea-rt.jar;C:/Program Files/JetBrains/PyCharm Community Edition 2020.1.1/lib/xmlrpc-2.0.1.jar;C:/Program Files/JetBrains/PyCharm Community Edition 2020.1.1/lib/commons-codec-1.14.jar
Launcher Type: SUN_STANDARD

[Global flags]
     intx CICompilerCount                          = 4                                         {product} {ergonomic}
     uint ConcGCThreads                            = 2                                         {product} {ergonomic}
     uint G1ConcRefinementThreads                  = 8                                         {product} {ergonomic}
   size_t G1HeapRegionSize                         = 1048576                                   {product} {ergonomic}
    uintx GCDrainStackTargetSize                   = 64                                        {product} {ergonomic}
   size_t InitialHeapSize                          = 266338304                                 {product} {ergonomic}
   size_t MarkStackSize                            = 4194304                                   {product} {ergonomic}
   size_t MaxHeapSize                              = 4261412864                                {product} {ergonomic}
   size_t MinHeapDeltaBytes                        = 1048576                                   {product} {ergonomic}
    uintx NonNMethodCodeHeapSize                   = 5836300                                {pd product} {ergonomic}
    uintx NonProfiledCodeHeapSize                  = 122910970                              {pd product} {ergonomic}
    uintx ProfiledCodeHeapSize                     = 122910970                              {pd product} {ergonomic}
    uintx ReservedCodeCacheSize                    = 251658240                              {pd product} {ergonomic}
     bool SegmentedCodeCache                       = true                                      {product} {ergonomic}
     bool UseCompressedClassPointers               = true                                 {lp64_product} {ergonomic}
     bool UseCompressedOops                        = true                                 {lp64_product} {ergonomic}
     bool UseG1GC                                  = true                                      {product} {ergonomic}
     bool UseLargePagesIndividualAllocation        = false                                  {pd product} {ergonomic}

Logging:
Log output configuration:
 #0: stdout all=warning uptime,level,tags
 #1: stderr all=off uptime,level,tags

Environment Variables:
JAVA_HOME=C:\Program Files\Java\jdk1.6.0_32
PATH=C:\Program Files\Git\mingw64\libexec\git-core;C:\Program Files\Git\mingw64\libexec\git-core;C:\Program Files\Git\mingw64\bin;C:\Program Files\Git\usr\bin;C:\Users\Gianfranco\bin;C:\Users\Gianfranco\AppData\Local\Programs\Python\Python38\Scripts;C:\WINDOWS\system32;C:\WINDOWS;C:\WINDOWS\System32\Wbem;C:\WINDOWS\System32\WindowsPowerShell\v1.0;C:\WINDOWS\System32\OpenSSH;C:\Program Files\NVIDIA Corporation\NVIDIA NvDLISR;C:\Users\Gianfranco\AppData\Local\Microsoft\WindowsApps;C:\Users\Gianfranco\AppData\Local\Programs\MiKTeX\miktex\bin\x64;D:\Microsoft VS Code\bin
USERNAME=Gianfranco
DISPLAY=:0.0
LC_ALL=en_US.UTF-8
OS=Windows_NT
PROCESSOR_IDENTIFIER=Intel64 Family 6 Model 94 Stepping 3, GenuineIntel



---------------  S Y S T E M  ---------------

OS: Windows 10 , 64 bit Build 19041 (10.0.19041.928)
OS uptime: 23 days 18:47 hours

CPU:total 8 (initial active 8) (4 cores per cpu, 2 threads per core) family 6 model 94 stepping 3 microcode 0xd6, cmov, cx8, fxsr, mmx, sse, sse2, sse3, ssse3, sse4.1, sse4.2, popcnt, avx, avx2, aes, clmul, erms, rtm, 3dnowpref, lzcnt, ht, tsc, tscinvbit, bmi1, bmi2, adx, fma

Memory: 4k page, system-wide physical 16250M (5773M free)
TotalPageFile size 29860M (AvailPageFile size 226M)
current process WorkingSet (physical memory assigned to process): 10M, peak: 10M
current process commit charge ("private bytes"): 60M, peak: 314M

vm_info: OpenJDK 64-Bit Server VM (11.0.10+8-b1145.96) for windows-amd64 JRE (11.0.10+8-b1145.96), built on Feb 18 2021 01:38:16 by "" with MS VC++ 14.0 (VS2015)

END.
